<?xml version="1.0" encoding="UTF-8"?>
<!-- Generated by org.testng.reporters.JUnitXMLReporter -->
<testsuite ignored="0" hostname="Sahils-Air.attlocal.net" failures="1" tests="1" name="LoginTest" time="14.859" errors="0" timestamp="26 Feb 2019 18:51:50 GMT">
  <testcase classname="com.w2a.TestCases.LoginTest" name="BankManagerLogin" time="14.837">
    <failure type="java.lang.AssertionError" message="Login Not Successful expected [true] but found [false]">
      <![CDATA[java.lang.AssertionError: Login Not Successful expected [true] but found [false]
at com.w2a.TestCases.LoginTest.BankManagerLogin(LoginTest.java:18)
... Removed 28 stack frames]]>
    </failure>
  </testcase> <!-- BankManagerLogin -->
</testsuite> <!-- LoginTest -->
